[0m[[0m[0mdebug[0m] [0m[0m> Exec(run, None, None)[0m
[0m[[0m[0mdebug[0m] [0m[0mEvaluating tasks: Compile / run[0m
[0m[[0m[0mdebug[0m] [0m[0mRunning task... Cancel: Signal, check cycles: false, forcegc: true[0m
[0m[[0m[0mdebug[0m] [0m[0mRunning task... Cancel: Signal, check cycles: false, forcegc: true[0m
[0m[[0m[0minfo[0m] [0m[0mcompiling 4 Scala sources and 27 Java sources to /Users/mark/Downloads/AkkaApiVersionTweetPerFile-main/target/scala-2.13/classes ...[0m
[0m[[0m[31merror[0m] [0m[0m/Users/mark/Downloads/AkkaApiVersionTweetPerFile-main/app/classifiers/NamedEntityClassifier.java:10:1: cannot find symbol[0m
[0m[[0m[31merror[0m] [0m[0m  symbol:   class UnicodeConverter[0m
[0m[[0m[31merror[0m] [0m[0m  location: package Utils[0m
[0m[[0m[31merror[0m] [0m[0mUtils.UnicodeConverter[0m
[0m[[0m[31merror[0m] [0m[0m/Users/mark/Downloads/AkkaApiVersionTweetPerFile-main/app/classifiers/NamedEntityClassifier.java:26:1: cannot find symbol[0m
[0m[[0m[31merror[0m] [0m[0m  symbol:   variable UnicodeConverter[0m
[0m[[0m[31merror[0m] [0m[0m  location: class classifiers.NamedEntityClassifier[0m
[0m[[0m[31merror[0m] [0m[0mUnicodeConverter[0m
[0m[[0m[31merror[0m] [0m[0m/Users/mark/Downloads/AkkaApiVersionTweetPerFile-main/app/classifiers/NamedEntityClassifier.java:52:1: cannot find symbol[0m
[0m[[0m[31merror[0m] [0m[0m  symbol:   variable UnicodeConverter[0m
[0m[[0m[31merror[0m] [0m[0m  location: class classifiers.NamedEntityClassifier[0m
[0m[[0m[31merror[0m] [0m[0mUnicodeConverter[0m
[0m[[0m[31merror[0m] [0m[0m/Users/mark/Downloads/AkkaApiVersionTweetPerFile-main/app/controllers/HomeController.java:198:1: cannot find symbol[0m
[0m[[0m[31merror[0m] [0m[0m  symbol:   class explore[0m
[0m[[0m[31merror[0m] [0m[0m  location: package views.html[0m
[0m[[0m[31merror[0m] [0m[0mviews.html.explore[0m
[0m[[0m[31merror[0m] [0m[0m/Users/mark/Downloads/AkkaApiVersionTweetPerFile-main/app/controllers/HomeController.java:202:1: cannot find symbol[0m
[0m[[0m[31merror[0m] [0m[0m  symbol:   class tutorial[0m
[0m[[0m[31merror[0m] [0m[0m  location: package views.html[0m
[0m[[0m[31merror[0m] [0m[0mviews.html.tutorial[0m
[0m[[0m[0minfo[0m] [0m[0m/Users/mark/Downloads/AkkaApiVersionTweetPerFile-main/app/actors/FileAnalysisActor.java: FileAnalysisActor.java uses or overrides a deprecated API.[0m
[0m[[0m[0minfo[0m] [0m[0m/Users/mark/Downloads/AkkaApiVersionTweetPerFile-main/app/actors/FileAnalysisActor.java: Recompile with -Xlint:deprecation for details.[0m
[0m[[0m[33mwarn[0m] [0m[0mCanceling execution...[0m
[0m[[0m[0mdebug[0m] [0m[0mRunning task... Cancel: Signal, check cycles: false, forcegc: true[0m
[0m[[0m[0minfo[0m] [0m[0mcompiling 4 Scala sources and 27 Java sources to /Users/mark/Downloads/AkkaApiVersionTweetPerFile-main/target/scala-2.13/classes ...[0m
[0m[[0m[31merror[0m] [0m[0m/Users/mark/Downloads/AkkaApiVersionTweetPerFile-main/app/classifiers/NamedEntityClassifier.java:10:1: cannot find symbol[0m
[0m[[0m[31merror[0m] [0m[0m  symbol:   class UnicodeConverter[0m
[0m[[0m[31merror[0m] [0m[0m  location: package Utils[0m
[0m[[0m[31merror[0m] [0m[0mUtils.UnicodeConverter[0m
[0m[[0m[31merror[0m] [0m[0m/Users/mark/Downloads/AkkaApiVersionTweetPerFile-main/app/classifiers/NamedEntityClassifier.java:26:1: cannot find symbol[0m
[0m[[0m[31merror[0m] [0m[0m  symbol:   variable UnicodeConverter[0m
[0m[[0m[31merror[0m] [0m[0m  location: class classifiers.NamedEntityClassifier[0m
[0m[[0m[31merror[0m] [0m[0mUnicodeConverter[0m
[0m[[0m[31merror[0m] [0m[0m/Users/mark/Downloads/AkkaApiVersionTweetPerFile-main/app/classifiers/NamedEntityClassifier.java:52:1: cannot find symbol[0m
[0m[[0m[31merror[0m] [0m[0m  symbol:   variable UnicodeConverter[0m
[0m[[0m[31merror[0m] [0m[0m  location: class classifiers.NamedEntityClassifier[0m
[0m[[0m[31merror[0m] [0m[0mUnicodeConverter[0m
[0m[[0m[31merror[0m] [0m[0m/Users/mark/Downloads/AkkaApiVersionTweetPerFile-main/app/controllers/HomeController.java:198:1: cannot find symbol[0m
[0m[[0m[31merror[0m] [0m[0m  symbol:   class explore[0m
[0m[[0m[31merror[0m] [0m[0m  location: package views.html[0m
[0m[[0m[31merror[0m] [0m[0mviews.html.explore[0m
[0m[[0m[31merror[0m] [0m[0m/Users/mark/Downloads/AkkaApiVersionTweetPerFile-main/app/controllers/HomeController.java:202:1: cannot find symbol[0m
[0m[[0m[31merror[0m] [0m[0m  symbol:   class tutorial[0m
[0m[[0m[31merror[0m] [0m[0m  location: package views.html[0m
[0m[[0m[31merror[0m] [0m[0mviews.html.tutorial[0m
[0m[[0m[0minfo[0m] [0m[0m/Users/mark/Downloads/AkkaApiVersionTweetPerFile-main/app/actors/FileAnalysisActor.java: FileAnalysisActor.java uses or overrides a deprecated API.[0m
[0m[[0m[0minfo[0m] [0m[0m/Users/mark/Downloads/AkkaApiVersionTweetPerFile-main/app/actors/FileAnalysisActor.java: Recompile with -Xlint:deprecation for details.[0m
[0m[[0m[31merror[0m] [0m[0m(Compile / [31mcompileIncremental[0m) javac returned non-zero exit code[0m
[0m[[0m[0mdebug[0m] [0m[0mRunning task... Cancel: Signal, check cycles: false, forcegc: true[0m
[0m[[0m[0mdebug[0m] [0m[0mRunning task... Cancel: Signal, check cycles: false, forcegc: true[0m
[0m[[0m[0minfo[0m] [0m[0mcompiling 4 Scala sources and 27 Java sources to /Users/mark/Downloads/AkkaApiVersionTweetPerFile-main/target/scala-2.13/classes ...[0m
[0m[[0m[31merror[0m] [0m[0m/Users/mark/Downloads/AkkaApiVersionTweetPerFile-main/app/classifiers/NamedEntityClassifier.java:10:1: cannot find symbol[0m
[0m[[0m[31merror[0m] [0m[0m  symbol:   class UnicodeConverter[0m
[0m[[0m[31merror[0m] [0m[0m  location: package Utils[0m
[0m[[0m[31merror[0m] [0m[0mUtils.UnicodeConverter[0m
[0m[[0m[31merror[0m] [0m[0m/Users/mark/Downloads/AkkaApiVersionTweetPerFile-main/app/classifiers/NamedEntityClassifier.java:26:1: cannot find symbol[0m
[0m[[0m[31merror[0m] [0m[0m  symbol:   variable UnicodeConverter[0m
[0m[[0m[31merror[0m] [0m[0m  location: class classifiers.NamedEntityClassifier[0m
[0m[[0m[31merror[0m] [0m[0mUnicodeConverter[0m
[0m[[0m[31merror[0m] [0m[0m/Users/mark/Downloads/AkkaApiVersionTweetPerFile-main/app/classifiers/NamedEntityClassifier.java:52:1: cannot find symbol[0m
[0m[[0m[31merror[0m] [0m[0m  symbol:   variable UnicodeConverter[0m
[0m[[0m[31merror[0m] [0m[0m  location: class classifiers.NamedEntityClassifier[0m
[0m[[0m[31merror[0m] [0m[0mUnicodeConverter[0m
[0m[[0m[31merror[0m] [0m[0m/Users/mark/Downloads/AkkaApiVersionTweetPerFile-main/app/controllers/HomeController.java:198:1: cannot find symbol[0m
[0m[[0m[31merror[0m] [0m[0m  symbol:   class explore[0m
[0m[[0m[31merror[0m] [0m[0m  location: package views.html[0m
[0m[[0m[31merror[0m] [0m[0mviews.html.explore[0m
[0m[[0m[31merror[0m] [0m[0m/Users/mark/Downloads/AkkaApiVersionTweetPerFile-main/app/controllers/HomeController.java:202:1: cannot find symbol[0m
[0m[[0m[31merror[0m] [0m[0m  symbol:   class tutorial[0m
[0m[[0m[31merror[0m] [0m[0m  location: package views.html[0m
[0m[[0m[31merror[0m] [0m[0mviews.html.tutorial[0m
[0m[[0m[0minfo[0m] [0m[0m/Users/mark/Downloads/AkkaApiVersionTweetPerFile-main/app/actors/FileAnalysisActor.java: FileAnalysisActor.java uses or overrides a deprecated API.[0m
[0m[[0m[0minfo[0m] [0m[0m/Users/mark/Downloads/AkkaApiVersionTweetPerFile-main/app/actors/FileAnalysisActor.java: Recompile with -Xlint:deprecation for details.[0m
[0m[[0m[0mdebug[0m] [0m[0mForcing garbage collection...[0m
[0m[[0m[31merror[0m] [0m[0m(Compile / [31mcompileIncremental[0m) javac returned non-zero exit code[0m
[0m[[0m[0mdebug[0m] [0m[0mRunning task... Cancel: Signal, check cycles: false, forcegc: true[0m
[0m[[0m[33mwarn[0m] [0m[0mIn the last 10 seconds, 6.115 (61.9%) were spent in GC. [Heap: 0.21GB free of 0.30GB, max 1.50GB] Consider increasing the JVM heap using `-Xmx` or try a different collector, e.g. `-XX:+UseG1GC`, for better performance.[0m
[0m[[0m[0mdebug[0m] [0m[0mRunning task... Cancel: Signal, check cycles: false, forcegc: true[0m
[0m[[0m[0minfo[0m] [0m[0mcompiling 4 Scala sources and 27 Java sources to /Users/mark/Downloads/AkkaApiVersionTweetPerFile-main/target/scala-2.13/classes ...[0m
