[0m[[0m[0mdebug[0m] [0m[0m> Exec(run, Some(973e5d34-8429-4d66-9dc2-4a1abf6c7136), Some(CommandSource(console0)))[0m
[0m[[0m[0mdebug[0m] [0m[0mEvaluating tasks: Compile / run[0m
[0m[[0m[0mdebug[0m] [0m[0mRunning task... Cancel: Signal, check cycles: false, forcegc: true[0m
[0m[[0m[0mdebug[0m] [0m[0mRunning task... Cancel: Signal, check cycles: false, forcegc: true[0m
[0m[[0m[0minfo[0m] [0m[0mcompiling 4 Scala sources and 27 Java sources to /Users/mark/Downloads/AkkaApiVersionTweetPerFile-main/target/scala-2.13/classes ...[0m
[0m[[0m[31merror[0m] [0m[0m/Users/mark/Downloads/AkkaApiVersionTweetPerFile-main/app/classifiers/NamedEntityClassifier.java:10:1: cannot find symbol[0m
[0m[[0m[31merror[0m] [0m[0m  symbol:   class UnicodeConverter[0m
[0m[[0m[31merror[0m] [0m[0m  location: package Utils[0m
[0m[[0m[31merror[0m] [0m[0mUtils.UnicodeConverter[0m
[0m[[0m[31merror[0m] [0m[0m/Users/mark/Downloads/AkkaApiVersionTweetPerFile-main/app/classifiers/NamedEntityClassifier.java:26:1: cannot find symbol[0m
[0m[[0m[31merror[0m] [0m[0m  symbol:   variable UnicodeConverter[0m
[0m[[0m[31merror[0m] [0m[0m  location: class classifiers.NamedEntityClassifier[0m
[0m[[0m[31merror[0m] [0m[0mUnicodeConverter[0m
[0m[[0m[31merror[0m] [0m[0m/Users/mark/Downloads/AkkaApiVersionTweetPerFile-main/app/classifiers/NamedEntityClassifier.java:52:1: cannot find symbol[0m
[0m[[0m[31merror[0m] [0m[0m  symbol:   variable UnicodeConverter[0m
[0m[[0m[31merror[0m] [0m[0m  location: class classifiers.NamedEntityClassifier[0m
[0m[[0m[31merror[0m] [0m[0mUnicodeConverter[0m
[0m[[0m[31merror[0m] [0m[0m/Users/mark/Downloads/AkkaApiVersionTweetPerFile-main/app/controllers/HomeController.java:198:1: cannot find symbol[0m
[0m[[0m[31merror[0m] [0m[0m  symbol:   class explore[0m
[0m[[0m[31merror[0m] [0m[0m  location: package views.html[0m
[0m[[0m[31merror[0m] [0m[0mviews.html.explore[0m
[0m[[0m[31merror[0m] [0m[0m/Users/mark/Downloads/AkkaApiVersionTweetPerFile-main/app/controllers/HomeController.java:202:1: cannot find symbol[0m
[0m[[0m[31merror[0m] [0m[0m  symbol:   class tutorial[0m
[0m[[0m[31merror[0m] [0m[0m  location: package views.html[0m
[0m[[0m[31merror[0m] [0m[0mviews.html.tutorial[0m
[0m[[0m[0minfo[0m] [0m[0m/Users/mark/Downloads/AkkaApiVersionTweetPerFile-main/app/actors/FileAnalysisActor.java: FileAnalysisActor.java uses or overrides a deprecated API.[0m
[0m[[0m[0minfo[0m] [0m[0m/Users/mark/Downloads/AkkaApiVersionTweetPerFile-main/app/actors/FileAnalysisActor.java: Recompile with -Xlint:deprecation for details.[0m
[0m[[0m[31merror[0m] [0m[0m(Compile / [31mcompileIncremental[0m) javac returned non-zero exit code[0m
[0m[[0m[0mdebug[0m] [0m[0mRunning task... Cancel: Signal, check cycles: false, forcegc: true[0m
[0m[[0m[0mdebug[0m] [0m[0mRunning task... Cancel: Signal, check cycles: false, forcegc: true[0m
[0m[[0m[0minfo[0m] [0m[0mcompiling 4 Scala sources and 28 Java sources to /Users/mark/Downloads/AkkaApiVersionTweetPerFile-main/target/scala-2.13/classes ...[0m
[0m[[0m[31merror[0m] [0m[0m/Users/mark/Downloads/AkkaApiVersionTweetPerFile-main/app/controllers/HomeController.java:198:1: cannot find symbol[0m
[0m[[0m[31merror[0m] [0m[0m  symbol:   class explore[0m
[0m[[0m[31merror[0m] [0m[0m  location: package views.html[0m
[0m[[0m[31merror[0m] [0m[0mviews.html.explore[0m
[0m[[0m[31merror[0m] [0m[0m/Users/mark/Downloads/AkkaApiVersionTweetPerFile-main/app/controllers/HomeController.java:202:1: cannot find symbol[0m
[0m[[0m[31merror[0m] [0m[0m  symbol:   class tutorial[0m
[0m[[0m[31merror[0m] [0m[0m  location: package views.html[0m
[0m[[0m[31merror[0m] [0m[0mviews.html.tutorial[0m
[0m[[0m[0minfo[0m] [0m[0m/Users/mark/Downloads/AkkaApiVersionTweetPerFile-main/app/actors/FileAnalysisActor.java: FileAnalysisActor.java uses or overrides a deprecated API.[0m
[0m[[0m[0minfo[0m] [0m[0m/Users/mark/Downloads/AkkaApiVersionTweetPerFile-main/app/actors/FileAnalysisActor.java: Recompile with -Xlint:deprecation for details.[0m
[0m[[0m[31merror[0m] [0m[0m(Compile / [31mcompileIncremental[0m) javac returned non-zero exit code[0m
[0m[[0m[0mdebug[0m] [0m[0mRunning task... Cancel: Signal, check cycles: false, forcegc: true[0m
[0m[[0m[0mdebug[0m] [0m[0mRunning task... Cancel: Signal, check cycles: false, forcegc: true[0m
[0m[[0m[0mdebug[0m] [0m[0mcalled afterReady for state after task progress was closed[0m
[0m[[0m[0mdebug[0m] [0m[0mcalled beforeWork for state after task progress was closed[0m
[0m[[0m[0mdebug[0m] [0m[0mcalled afterReady for root / playCompileEverything after task progress was closed[0m
[0m[[0m[0mdebug[0m] [0m[0mcalled beforeWork for root / playCompileEverything after task progress was closed[0m
[0m[[0m[0mdebug[0m] [0m[0mcalled afterReady for state after task progress was closed[0m
[0m[[0m[0mdebug[0m] [0m[0mcalled beforeWork for state after task progress was closed[0m
[0m[[0m[0mdebug[0m] [0m[0mcalled afterReady for state after task progress was closed[0m
[0m[[0m[0mdebug[0m] [0m[0mcalled beforeWork for state after task progress was closed[0m
[0m[[0m[0mdebug[0m] [0m[0mcalled afterReady for root / playCompileEverything after task progress was closed[0m
[0m[[0m[0mdebug[0m] [0m[0mcalled beforeWork for root / playCompileEverything after task progress was closed[0m
[0m[[0m[31merror[0m] [0m[0mjava.io.IOException: Bad file descriptor[0m
[0m[[0m[31merror[0m] [0m[0m	at java.io.FileInputStream.available0(Native Method)[0m
[0m[[0m[31merror[0m] [0m[0m	at java.io.FileInputStream.available(FileInputStream.java:306)[0m
[0m[[0m[31merror[0m] [0m[0m	at play.sbt.PlayConsoleInteractionMode$InputStreamWrapper.read(PlayInteractionMode.scala:65)[0m
[0m[[0m[31merror[0m] [0m[0m	at jline.internal.NonBlockingInputStream.read(NonBlockingInputStream.java:245)[0m
[0m[[0m[31merror[0m] [0m[0m	at jline.internal.InputStreamReader.read(InputStreamReader.java:258)[0m
[0m[[0m[31merror[0m] [0m[0m	at jline.internal.InputStreamReader.read(InputStreamReader.java:195)[0m
[0m[[0m[31merror[0m] [0m[0m	at jline.console.ConsoleReader.readCharacter(ConsoleReader.java:2180)[0m
[0m[[0m[31merror[0m] [0m[0m	at jline.console.ConsoleReader.readCharacter(ConsoleReader.java:2170)[0m
[0m[[0m[31merror[0m] [0m[0m	at play.sbt.PlayConsoleInteractionMode$.waitEOF$1(PlayInteractionMode.scala:100)[0m
[0m[[0m[31merror[0m] [0m[0m	at play.sbt.PlayConsoleInteractionMode$.$anonfun$waitForKey$2(PlayInteractionMode.scala:111)[0m
[0m[[0m[31merror[0m] [0m[0m	at play.sbt.PlayConsoleInteractionMode$.$anonfun$doWithoutEcho$1(PlayInteractionMode.scala:118)[0m
[0m[[0m[31merror[0m] [0m[0m	at play.sbt.PlayConsoleInteractionMode$.$anonfun$doWithoutEcho$1$adapted(PlayInteractionMode.scala:115)[0m
[0m[[0m[31merror[0m] [0m[0m	at play.sbt.PlayConsoleInteractionMode$.withConsoleReader(PlayInteractionMode.scala:94)[0m
[0m[[0m[31merror[0m] [0m[0m	at play.sbt.PlayConsoleInteractionMode$.doWithoutEcho(PlayInteractionMode.scala:115)[0m
[0m[[0m[31merror[0m] [0m[0m	at play.sbt.PlayConsoleInteractionMode$.$anonfun$waitForKey$1(PlayInteractionMode.scala:111)[0m
[0m[[0m[31merror[0m] [0m[0m	at play.sbt.PlayConsoleInteractionMode$.$anonfun$waitForKey$1$adapted(PlayInteractionMode.scala:98)[0m
[0m[[0m[31merror[0m] [0m[0m	at play.sbt.PlayConsoleInteractionMode$.withConsoleReader(PlayInteractionMode.scala:94)[0m
[0m[[0m[31merror[0m] [0m[0m	at play.sbt.PlayConsoleInteractionMode$.waitForKey(PlayInteractionMode.scala:98)[0m
[0m[[0m[31merror[0m] [0m[0m	at play.sbt.PlayConsoleInteractionMode$.waitForCancel(PlayInteractionMode.scala:122)[0m
[0m[[0m[31merror[0m] [0m[0m	at play.sbt.run.PlayRun$.$anonfun$playRunTask$3(PlayRun.scala:121)[0m
[0m[[0m[31merror[0m] [0m[0m	at play.sbt.run.PlayRun$.$anonfun$playRunTask$3$adapted(PlayRun.scala:67)[0m
[0m[[0m[31merror[0m] [0m[0m	at scala.Function1.$anonfun$compose$1(Function1.scala:49)[0m
[0m[[0m[31merror[0m] [0m[0m	at sbt.internal.util.$tilde$greater.$anonfun$$u2219$1(TypeFunctions.scala:62)[0m
[0m[[0m[31merror[0m] [0m[0m	at sbt.std.Transform$$anon$4.work(Transform.scala:68)[0m
[0m[[0m[31merror[0m] [0m[0m	at sbt.Execute.$anonfun$submit$2(Execute.scala:282)[0m
[0m[[0m[31merror[0m] [0m[0m	at sbt.internal.util.ErrorHandling$.wideConvert(ErrorHandling.scala:23)[0m
[0m[[0m[31merror[0m] [0m[0m	at sbt.Execute.work(Execute.scala:291)[0m
[0m[[0m[31merror[0m] [0m[0m	at sbt.Execute.$anonfun$submit$1(Execute.scala:282)[0m
[0m[[0m[31merror[0m] [0m[0m	at sbt.ConcurrentRestrictions$$anon$4.$anonfun$submitValid$1(ConcurrentRestrictions.scala:265)[0m
[0m[[0m[31merror[0m] [0m[0m	at sbt.CompletionService$$anon$2.call(CompletionService.scala:64)[0m
[0m[[0m[31merror[0m] [0m[0m	at java.util.concurrent.FutureTask.run(FutureTask.java:266)[0m
[0m[[0m[31merror[0m] [0m[0m	at java.util.concurrent.Executors$RunnableAdapter.call(Executors.java:511)[0m
[0m[[0m[31merror[0m] [0m[0m	at java.util.concurrent.FutureTask.run(FutureTask.java:266)[0m
[0m[[0m[31merror[0m] [0m[0m	at java.util.concurrent.ThreadPoolExecutor.runWorker(ThreadPoolExecutor.java:1149)[0m
[0m[[0m[31merror[0m] [0m[0m	at java.util.concurrent.ThreadPoolExecutor$Worker.run(ThreadPoolExecutor.java:624)[0m
[0m[[0m[31merror[0m] [0m[0m	at java.lang.Thread.run(Thread.java:748)[0m
[0m[[0m[31merror[0m] [0m[0m(Compile / [31mrun[0m) java.io.IOException: Bad file descriptor[0m
[0m[[0m[0mdebug[0m] [0m[0mcalled afterReady for Global / managedFileStampCache after task progress was closed[0m
[0m[[0m[0mdebug[0m] [0m[0mcalled beforeWork for Global / managedFileStampCache after task progress was closed[0m
[0m[[0m[0mdebug[0m] [0m[0mcalled afterReady for root / Compile / externalHooks after task progress was closed[0m
[0m[[0m[0mdebug[0m] [0m[0mcalled beforeWork for root / Compile / externalHooks after task progress was closed[0m
[0m[[0m[0mdebug[0m] [0m[0mcalled afterReady for streams-manager after task progress was closed[0m
[0m[[0m[0mdebug[0m] [0m[0mcalled beforeWork for streams-manager after task progress was closed[0m
[0m[[0m[0mdebug[0m] [0m[0mcalled afterReady for Global / incOptions after task progress was closed[0m
[0m[[0m[0mdebug[0m] [0m[0mcalled beforeWork for Global / incOptions after task progress was closed[0m
[0m[[0m[0mdebug[0m] [0m[0mcalled afterReady for state after task progress was closed[0m
[0m[[0m[0mdebug[0m] [0m[0mcalled beforeWork for state after task progress was closed[0m
[0m[[0m[0mdebug[0m] [0m[0mcalled afterReady for root / Compile / compileAnalysisFilename after task progress was closed[0m
[0m[[0m[0mdebug[0m] [0m[0mcalled beforeWork for root / Compile / compileAnalysisFilename after task progress was closed[0m
[0m[[0m[0mdebug[0m] [0m[0mcalled afterReady for root / Compile / earlyOutputPing after task progress was closed[0m
[0m[[0m[0mdebug[0m] [0m[0mcalled afterReady for Global / skip after task progress was closed[0m
[0m[[0m[0mdebug[0m] [0m[0mcalled beforeWork for root / Compile / earlyOutputPing after task progress was closed[0m
[0m[[0m[0mdebug[0m] [0m[0mcalled beforeWork for Global / skip after task progress was closed[0m
[0m[[0m[0mdebug[0m] [0m[0mcalled afterReady for root / Compile / classpathEntryDefinesClassVF after task progress was closed[0m
[0m[[0m[0mdebug[0m] [0m[0mcalled beforeWork for root / Compile / classpathEntryDefinesClassVF after task progress was closed[0m
[0m[[0m[0mdebug[0m] [0m[0mcalled afterReady for Global / sourcePositionMappers after task progress was closed[0m
[0m[[0m[31merror[0m] [0m[0mTotal time: 215 s (03:35), completed 10-Mar-2021 10:09:30[0m
[0m[[0m[0mdebug[0m] [0m[0mcalled beforeWork for Global / sourcePositionMappers after task progress was closed[0m
[0m[[0m[0mdebug[0m] [0m[0mcalled afterReady for ThisBuild / sourcePositionMappers after task progress was closed[0m
[0m[[0m[0mdebug[0m] [0m[0mcalled beforeWork for ThisBuild / sourcePositionMappers after task progress was closed[0m
[0m[[0m[0mdebug[0m] [0m[0mcalled afterReady for root / scalacOptions after task progress was closed[0m
[0m[[0m[0mdebug[0m] [0m[0mcalled beforeWork for root / scalacOptions after task progress was closed[0m
[0m[[0m[0mdebug[0m] [0m[0mcalled afterReady for Global / scalacOptions after task progress was closed[0m
[0m[[0m[0mdebug[0m] [0m[0mcalled beforeWork for Global / scalacOptions after task progress was closed[0m
[0m[[0m[0mdebug[0m] [0m[0mcalled afterReady for root / sourcePositionMappers after task progress was closed[0m
[0m[[0m[0mdebug[0m] [0m[0mcalled beforeWork for root / sourcePositionMappers after task progress was closed[0m
[0m[[0m[0mdebug[0m] [0m[0mcalled afterReady for Global / extraIncOptions after task progress was closed[0m
[0m[[0m[0mdebug[0m] [0m[0mcalled beforeWork for Global / extraIncOptions after task progress was closed[0m
[0m[[0m[0mdebug[0m] [0m[0mcalled afterReady for streams-manager after task progress was closed[0m
[0m[[0m[0mdebug[0m] [0m[0mcalled afterReady for streams-manager after task progress was closed[0m
[0m[[0m[0mdebug[0m] [0m[0mcalled afterReady for streams-manager after task progress was closed[0m
[0m[[0m[0mdebug[0m] [0m[0mcalled beforeWork for streams-manager after task progress was closed[0m
[0m[[0m[0mdebug[0m] [0m[0mcalled afterReady for streams-manager after task progress was closed[0m
[0m[[0m[0mdebug[0m] [0m[0mcalled beforeWork for streams-manager after task progress was closed[0m
[0m[[0m[0mdebug[0m] [0m[0mcalled beforeWork for streams-manager after task progress was closed[0m
[0m[[0m[0mdebug[0m] [0m[0mcalled beforeWork for streams-manager after task progress was closed[0m
[0m[[0m[0mdebug[0m] [0m[0mcalled afterReady for ThisBuild / sourcePositionMappers after task progress was closed[0m
[0m[[0m[0mdebug[0m] [0m[0mcalled beforeWork for ThisBuild / sourcePositionMappers after task progress was closed[0m
[0m[[0m[0mdebug[0m] [0m[0mcalled afterReady for root / Compile / compileAnalysisFile after task progress was closed[0m
[0m[[0m[0mdebug[0m] [0m[0mcalled beforeWork for root / Compile / compileAnalysisFile after task progress was closed[0m
[0m[[0m[0mdebug[0m] [0m[0mcalled afterReady for root / Compile / earlyCompileAnalysisFile after task progress was closed[0m
[0m[[0m[0mdebug[0m] [0m[0mcalled afterReady for root / scalacOptions after task progress was closed[0m
[0m[[0m[0mdebug[0m] [0m[0mcalled beforeWork for root / Compile / earlyCompileAnalysisFile after task progress was closed[0m
[0m[[0m[0mdebug[0m] [0m[0mcalled afterReady for streams-manager after task progress was closed[0m
[0m[[0m[0mdebug[0m] [0m[0mcalled afterReady for streams-manager after task progress was closed[0m
[0m[[0m[0mdebug[0m] [0m[0mcalled beforeWork for streams-manager after task progress was closed[0m
[0m[[0m[0mdebug[0m] [0m[0mcalled beforeWork for root / scalacOptions after task progress was closed[0m
[0m[[0m[0mdebug[0m] [0m[0mcalled afterReady for streams-manager after task progress was closed[0m
[0m[[0m[0mdebug[0m] [0m[0mcalled afterReady for streams-manager after task progress was closed[0m
[0m[[0m[0mdebug[0m] [0m[0mcalled beforeWork for streams-manager after task progress was closed[0m
[0m[[0m[0mdebug[0m] [0m[0mcalled beforeWork for streams-manager after task progress was closed[0m
[0m[[0m[0mdebug[0m] [0m[0mcalled beforeWork for streams-manager after task progress was closed[0m
[0m[[0m[0mdebug[0m] [0m[0mcalled afterReady for streams-manager after task progress was closed[0m
[0m[[0m[0mdebug[0m] [0m[0mcalled afterReady for root / twirlSourceEncoding after task progress was closed[0m
[0m[[0m[0mdebug[0m] [0m[0mcalled afterReady for streams-manager after task progress was closed[0m
[0m[[0m[0mdebug[0m] [0m[0mcalled afterReady for streams-manager after task progress was closed[0m
[0m[[0m[0mdebug[0m] [0m[0mcalled beforeWork for streams-manager after task progress was closed[0m
[0m[[0m[0mdebug[0m] [0m[0mcalled beforeWork for streams-manager after task progress was closed[0m
[0m[[0m[0mdebug[0m] [0m[0mcalled afterReady for streams-manager after task progress was closed[0m
[0m[[0m[0mdebug[0m] [0m[0mcalled beforeWork for streams-manager after task progress was closed[0m
[0m[[0m[0mdebug[0m] [0m[0mcalled beforeWork for streams-manager after task progress was closed[0m
[0m[[0m[0mdebug[0m] [0m[0mcalled afterReady for root / Compile / incOptions after task progress was closed[0m
[0m[[0m[0mdebug[0m] [0m[0mcalled beforeWork for root / twirlSourceEncoding after task progress was closed[0m
[0m[[0m[0mdebug[0m] [0m[0mcalled beforeWork for root / Compile / incOptions after task progress was closed[0m
[0m[[0m[0mdebug[0m] [0m[0mcalled afterReady for root / Compile / compileProgress after task progress was closed[0m
[0m[[0m[0mdebug[0m] [0m[0mcalled beforeWork for root / Compile / compileProgress after task progress was closed[0m
[0m[[0m[0mdebug[0m] [0m[0mcalled afterReady for root / sourcePositionMappers after task progress was closed[0m
[0m[[0m[0mdebug[0m] [0m[0mcalled beforeWork for root / sourcePositionMappers after task progress was closed[0m
[0m[[0m[0mdebug[0m] [0m[0mcalled afterReady for root / sourcePositionMappers after task progress was closed[0m
[0m[[0m[0mdebug[0m] [0m[0mcalled beforeWork for root / sourcePositionMappers after task progress was closed[0m
[0m[[0m[0mdebug[0m] [0m[0mcalled afterReady for root / sourcePositionMappers after task progress was closed[0m
[0m[[0m[0mdebug[0m] [0m[0mcalled beforeWork for root / sourcePositionMappers after task progress was closed[0m
[0m[[0m[0mdebug[0m] [0m[0mcalled afterReady for root / Compile / compileSplit after task progress was closed[0m
[0m[[0m[0mdebug[0m] [0m[0mcalled afterReady for root / Compile / dependencyPicklePath after task progress was closed[0m
[0m[[0m[0mdebug[0m] [0m[0mcalled beforeWork for root / Compile / compileSplit after task progress was closed[0m
[0m[[0m[0mdebug[0m] [0m[0mcalled beforeWork for root / Compile / dependencyPicklePath after task progress was closed[0m
[0m[[0m[0mdebug[0m] [0m[0mcalled afterReady for root / Compile / compile / compilerReporter after task progress was closed[0m
[0m[[0m[0mdebug[0m] [0m[0mcalled afterReady for root / Compile / compileSplit after task progress was closed[0m
[0m[[0m[0mdebug[0m] [0m[0mcalled beforeWork for root / Compile / compile / compilerReporter after task progress was closed[0m
[0m[[0m[0mdebug[0m] [0m[0mcalled afterReady for root / Compile / dependencyPicklePath after task progress was closed[0m
[0m[[0m[0mdebug[0m] [0m[0mcalled beforeWork for root / Compile / compileSplit after task progress was closed[0m
[0m[[0m[0mdebug[0m] [0m[0mcalled beforeWork for root / Compile / dependencyPicklePath after task progress was closed[0m
[0m[[0m[0mdebug[0m] [0m[0mcalled afterReady for root / Compile / compileSplit after task progress was closed[0m
[0m[[0m[0mdebug[0m] [0m[0mcalled afterReady for root / Compile / dependencyPicklePath after task progress was closed[0m
[0m[[0m[0mdebug[0m] [0m[0mcalled beforeWork for root / Compile / dependencyPicklePath after task progress was closed[0m
[0m[[0m[0mdebug[0m] [0m[0mcalled beforeWork for root / Compile / compileSplit after task progress was closed[0m
[0m[[0m[0mdebug[0m] [0m[0mcalled afterReady for root / Compile / dependencyPicklePath after task progress was closed[0m
[0m[[0m[0mdebug[0m] [0m[0mcalled beforeWork for root / Compile / dependencyPicklePath after task progress was closed[0m
[0m[[0m[0mdebug[0m] [0m[0mcalled afterReady for root / Compile / compileSplit after task progress was closed[0m
[0m[[0m[0mdebug[0m] [0m[0mcalled beforeWork for root / Compile / compileSplit after task progress was closed[0m
[0m[[0m[0mdebug[0m] [0m[0mcalled afterReady for root / Compile / dependencyPicklePath after task progress was closed[0m
[0m[[0m[0mdebug[0m] [0m[0mcalled afterReady for root / Compile / compileSplit after task progress was closed[0m
[0m[[0m[0mdebug[0m] [0m[0mcalled beforeWork for root / Compile / compileSplit after task progress was closed[0m
[0m[[0m[0mdebug[0m] [0m[0mcalled beforeWork for root / Compile / dependencyPicklePath after task progress was closed[0m
[0m[[0m[0mdebug[0m] [0m[0mcalled afterReady for root / Compile / compileSplit after task progress was closed[0m
[0m[[0m[0mdebug[0m] [0m[0mcalled beforeWork for root / Compile / compileSplit after task progress was closed[0m
[0m[[0m[0mdebug[0m] [0m[0m> Exec(shell, None, None)[0m
[0m[[0m[0mdebug[0m] [0m[0mcalled afterReady for root / Compile / compileSplit after task progress was closed[0m
[0m[[0m[0mdebug[0m] [0m[0mcalled beforeWork for root / Compile / compileSplit after task progress was closed[0m
[0m[[0m[0mdebug[0m] [0m[0mcalled afterReady for root / Compile / dependencyPicklePath after task progress was closed[0m
[0m[[0m[0mdebug[0m] [0m[0mcalled afterReady for root / Compile / compile / bspReporter after task progress was closed[0m
[0m[[0m[0mdebug[0m] [0m[0mcalled beforeWork for root / Compile / dependencyPicklePath after task progress was closed[0m
[0m[[0m[0mdebug[0m] [0m[0mcalled beforeWork for root / Compile / compile / bspReporter after task progress was closed[0m
[0m[[0m[0mdebug[0m] [0m[0mcalled afterReady for root / Compile / compileSplit after task progress was closed[0m
[0m[[0m[0mdebug[0m] [0m[0mcalled beforeWork for root / Compile / compileSplit after task progress was closed[0m
[0m[[0m[0mdebug[0m] [0m[0mcalled afterReady for root / Compile / dependencyPicklePath after task progress was closed[0m
[0m[[0m[0mdebug[0m] [0m[0mcalled beforeWork for root / Compile / dependencyPicklePath after task progress was closed[0m
[0m[[0m[0mdebug[0m] [0m[0mcalled afterReady for root / Compile / dependencyPicklePath after task progress was closed[0m
[0m[[0m[0mdebug[0m] [0m[0mcalled beforeWork for root / Compile / dependencyPicklePath after task progress was closed[0m
[0m[[0m[0mdebug[0m] [0m[0mcalled afterReady for streams-manager after task progress was closed[0m
[0m[[0m[0mdebug[0m] [0m[0mcalled beforeWork for streams-manager after task progress was closed[0m
[0m[[0m[0mdebug[0m] [0m[0mcalled afterReady for root / scalaCompilerBridgeBinaryJar after task progress was closed[0m
[0m[[0m[0mdebug[0m] [0m[0mcalled beforeWork for root / scalaCompilerBridgeBinaryJar after task progress was closed[0m
[0m[[0m[0mdebug[0m] [0m[0mcalled afterReady for root / scalaCompilerBridgeScope / dependencyResolution after task progress was closed[0m
[0m[[0m[0mdebug[0m] [0m[0mcalled beforeWork for root / scalaCompilerBridgeScope / dependencyResolution after task progress was closed[0m
[0m[[0m[0mdebug[0m] [0m[0mcalled afterReady for root / scalaInstance after task progress was closed[0m
[0m[[0m[0mdebug[0m] [0m[0mcalled beforeWork for root / scalaInstance after task progress was closed[0m
[0m[[0m[0mdebug[0m] [0m[0mcalled afterReady for state after task progress was closed[0m
[0m[[0m[0mdebug[0m] [0m[0mcalled beforeWork for state after task progress was closed[0m
[0m[[0m[0mdebug[0m] [0m[0mcalled afterReady for Global / javacOptions after task progress was closed[0m
[0m[[0m[0mdebug[0m] [0m[0mcalled beforeWork for Global / javacOptions after task progress was closed[0m
[0m[[0m[0mdebug[0m] [0m[0mcalled afterReady for root / Compile / javacOptions after task progress was closed[0m
[0m[[0m[0mdebug[0m] [0m[0mcalled beforeWork for root / Compile / javacOptions after task progress was closed[0m
[0m[[0m[0mdebug[0m] [0m[0mcalled afterReady for state after task progress was closed[0m
[0m[[0m[0mdebug[0m] [0m[0mcalled beforeWork for state after task progress was closed[0m
[0m[[0m[0mdebug[0m] [0m[0mcalled afterReady for Global / fileTreeView after task progress was closed[0m
[0m[[0m[0mdebug[0m] [0m[0mcalled beforeWork for Global / fileTreeView after task progress was closed[0m
[0m[[0m[0mdebug[0m] [0m[0mcalled afterReady for streams-manager after task progress was closed[0m
[0m[[0m[0mdebug[0m] [0m[0mcalled beforeWork for streams-manager after task progress was closed[0m
[0m[[0m[0mdebug[0m] [0m[0mcalled afterReady for streams-manager after task progress was closed[0m
[0m[[0m[0mdebug[0m] [0m[0mcalled beforeWork for streams-manager after task progress was closed[0m
[0m[[0m[0mdebug[0m] [0m[0mcalled afterReady for root / Compile / playRoutes / sources after task progress was closed[0m
[0m[[0m[0mdebug[0m] [0m[0mcalled afterReady for root / Compile / playRoutes / sources after task progress was closed[0m
[0m[[0m[0mdebug[0m] [0m[0mcalled beforeWork for root / Compile / playRoutes / sources after task progress was closed[0m
[0m[[0m[0mdebug[0m] [0m[0mcalled beforeWork for root / Compile / playRoutes / sources after task progress was closed[0m
[0m[[0m[0mdebug[0m] [0m[0mcalled afterReady for streams-manager after task progress was closed[0m
[0m[[0m[0mdebug[0m] [0m[0mcalled beforeWork for streams-manager after task progress was closed[0m
[0m[[0m[0mdebug[0m] [0m[0mcalled afterReady for root / update after task progress was closed[0m
[0m[[0m[0mdebug[0m] [0m[0mcalled afterReady for executionRoots after task progress was closed[0m
[0m[[0m[0mdebug[0m] [0m[0mcalled afterReady for root / dependencyResolution after task progress was closed[0m
[0m[[0m[0mdebug[0m] [0m[0mcalled beforeWork for root / update after task progress was closed[0m
[0m[[0m[0mdebug[0m] [0m[0mcalled beforeWork for executionRoots after task progress was closed[0m
[0m[[0m[0mdebug[0m] [0m[0mcalled afterReady for streams-manager after task progress was closed[0m
[0m[[0m[0mdebug[0m] [0m[0mcalled beforeWork for root / dependencyResolution after task progress was closed[0m
[0m[[0m[0mdebug[0m] [0m[0mcalled afterReady for root / updateCacheName after task progress was closed[0m
[0m[[0m[0mdebug[0m] [0m[0mcalled afterReady for state after task progress was closed[0m
[0m[[0m[0mdebug[0m] [0m[0mcalled beforeWork for streams-manager after task progress was closed[0m
[0m[[0m[0mdebug[0m] [0m[0mcalled beforeWork for root / updateCacheName after task progress was closed[0m
[0m[[0m[0mdebug[0m] [0m[0mcalled afterReady for root / allDependencies after task progress was closed[0m
[0m[[0m[0mdebug[0m] [0m[0mcalled beforeWork for root / allDependencies after task progress was closed[0m
[0m[[0m[0mdebug[0m] [0m[0mcalled beforeWork for state after task progress was closed[0m
[0m[[0m[0mdebug[0m] [0m[0mcalled afterReady for root / projectDependencies after task progress was closed[0m
[0m[[0m[0mdebug[0m] [0m[0mcalled afterReady for streams-manager after task progress was closed[0m
[0m[[0m[0mdebug[0m] [0m[0mcalled beforeWork for root / projectDependencies after task progress was closed[0m
[0m[[0m[0mdebug[0m] [0m[0mcalled afterReady for Global / credentials after task progress was closed[0m
[0m[[0m[0mdebug[0m] [0m[0mcalled beforeWork for streams-manager after task progress was closed[0m
[0m[[0m[0mdebug[0m] [0m[0mcalled afterReady for streams-manager after task progress was closed[0m
[0m[[0m[0mdebug[0m] [0m[0mcalled beforeWork for Global / credentials after task progress was closed[0m
[0m[[0m[0mdebug[0m] [0m[0mcalled beforeWork for streams-manager after task progress was closed[0m
[0m[[0m[0mdebug[0m] [0m[0mcalled afterReady for streams-manager after task progress was closed[0m
[0m[[0m[0mdebug[0m] [0m[0mcalled afterReady for root / externalResolvers after task progress was closed[0m
[0m[[0m[0mdebug[0m] [0m[0mcalled beforeWork for streams-manager after task progress was closed[0m
[0m[[0m[0mdebug[0m] [0m[0mcalled afterReady for root / bootResolvers after task progress was closed[0m
[0m[[0m[0mdebug[0m] [0m[0mcalled beforeWork for root / externalResolvers after task progress was closed[0m
[0m[[0m[0mdebug[0m] [0m[0mcalled beforeWork for root / bootResolvers after task progress was closed[0m
[0m[[0m[0mdebug[0m] [0m[0mcalled afterReady for streams-manager after task progress was closed[0m
[0m[[0m[0mdebug[0m] [0m[0mcalled afterReady for Global / publishTo after task progress was closed[0m
[0m[[0m[0mdebug[0m] [0m[0mcalled beforeWork for streams-manager after task progress was closed[0m
[0m[[0m[0mdebug[0m] [0m[0mcalled beforeWork for Global / publishTo after task progress was closed[0m
[0m[[0m[0mdebug[0m] [0m[0mcalled afterReady for root / transitiveUpdate after task progress was closed[0m
[0m[[0m[0mdebug[0m] [0m[0mcalled afterReady for root / transitiveUpdate after task progress was closed[0m
[0m[[0m[0mdebug[0m] [0m[0mcalled beforeWork for root / transitiveUpdate after task progress was closed[0m
[0m[[0m[0mdebug[0m] [0m[0mcalled afterReady for streams-manager after task progress was closed[0m
[0m[[0m[0mdebug[0m] [0m[0mcalled beforeWork for root / transitiveUpdate after task progress was closed[0m
[0m[[0m[0mdebug[0m] [0m[0mcalled afterReady for root / Compile / scalacOptions after task progress was closed[0m
[0m[[0m[0mdebug[0m] [0m[0mcalled beforeWork for streams-manager after task progress was closed[0m
[0m[[0m[0mdebug[0m] [0m[0mcalled beforeWork for root / Compile / scalacOptions after task progress was closed[0m
[0m[[0m[0mdebug[0m] [0m[0mcalled afterReady for root / Compile / scalacOptions after task progress was closed[0m
[0m[[0m[0mdebug[0m] [0m[0mcalled beforeWork for root / Compile / scalacOptions after task progress was closed[0m
[0m[[0m[0mdebug[0m] [0m[0mcalled afterReady for streams-manager after task progress was closed[0m
[0m[[0m[0mdebug[0m] [0m[0mcalled beforeWork for streams-manager after task progress was closed[0m
[0m[[0m[0mdebug[0m] [0m[0mcalled afterReady for streams-manager after task progress was closed[0m
[0m[[0m[0mdebug[0m] [0m[0mcalled beforeWork for streams-manager after task progress was closed[0m
[0m[[0m[0mdebug[0m] [0m[0mcalled afterReady for root / Compile / classpathConfiguration after task progress was closed[0m
[0m[[0m[0mdebug[0m] [0m[0mcalled beforeWork for root / Compile / classpathConfiguration after task progress was closed[0m
[0m[[0m[0mdebug[0m] [0m[0mcalled afterReady for streams-manager after task progress was closed[0m
[0m[[0m[0mdebug[0m] [0m[0mcalled beforeWork for streams-manager after task progress was closed[0m
[0m[[0m[0mdebug[0m] [0m[0mcalled afterReady for streams-manager after task progress was closed[0m
[0m[[0m[0mdebug[0m] [0m[0mcalled beforeWork for streams-manager after task progress was closed[0m
[0m[[0m[0mdebug[0m] [0m[0mcalled afterReady for streams-manager after task progress was closed[0m
[0m[[0m[0mdebug[0m] [0m[0mcalled beforeWork for streams-manager after task progress was closed[0m
[0m[[0m[0mdebug[0m] [0m[0mcalled afterReady for streams-manager after task progress was closed[0m
[0m[[0m[0mdebug[0m] [0m[0mcalled beforeWork for streams-manager after task progress was closed[0m
[0m[[0m[0mdebug[0m] [0m[0mcalled afterReady for streams-manager after task progress was closed[0m
[0m[[0m[0mdebug[0m] [0m[0mcalled afterReady for root / scalaCompilerBridgeScope / dependencyResolution after task progress was closed[0m
[0m[[0m[0mdebug[0m] [0m[0mcalled beforeWork for streams-manager after task progress was closed[0m
[0m[[0m[0mdebug[0m] [0m[0mcalled afterReady for ThisBuild / reusableStamper after task progress was closed[0m
[0m[[0m[0mdebug[0m] [0m[0mcalled afterReady for root / Compile / javacOptions after task progress was closed[0m
[0m[[0m[0mdebug[0m] [0m[0mcalled beforeWork for root / scalaCompilerBridgeScope / dependencyResolution after task progress was closed[0m
[0m[[0m[0mdebug[0m] [0m[0mcalled afterReady for state after task progress was closed[0m
[0m[[0m[0mdebug[0m] [0m[0mcalled afterReady for root / scalaInstance after task progress was closed[0m
[0m[[0m[0mdebug[0m] [0m[0mcalled beforeWork for state after task progress was closed[0m
[0m[[0m[0mdebug[0m] [0m[0mcalled beforeWork for ThisBuild / reusableStamper after task progress was closed[0m
[0m[[0m[0mdebug[0m] [0m[0mcalled beforeWork for root / Compile / javacOptions after task progress was closed[0m
[0m[[0m[0mdebug[0m] [0m[0mcalled beforeWork for root / scalaInstance after task progress was closed[0m
[0m[[0m[0mdebug[0m] [0m[0mcalled afterReady for streams-manager after task progress was closed[0m
[0m[[0m[0mdebug[0m] [0m[0mcalled beforeWork for streams-manager after task progress was closed[0m
[0m[[0m[0mdebug[0m] [0m[0mcalled afterReady for streams-manager after task progress was closed[0m
[0m[[0m[0mdebug[0m] [0m[0mcalled beforeWork for streams-manager after task progress was closed[0m
[0m[[0m[0mdebug[0m] [0m[0mcalled afterReady for streams-manager after task progress was closed[0m
[0m[[0m[0mdebug[0m] [0m[0mcalled beforeWork for streams-manager after task progress was closed[0m
[0m[[0m[0mdebug[0m] [0m[0mcalled afterReady for executionRoots after task progress was closed[0m
[0m[[0m[0mdebug[0m] [0m[0mcalled beforeWork for executionRoots after task progress was closed[0m
[0m[[0m[0mdebug[0m] [0m[0mcalled afterReady for root / dependencyResolution after task progress was closed[0m
[0m[[0m[0mdebug[0m] [0m[0mcalled afterReady for streams-manager after task progress was closed[0m
[0m[[0m[0mdebug[0m] [0m[0mcalled afterReady for root / update after task progress was closed[0m
[0m[[0m[0mdebug[0m] [0m[0mcalled beforeWork for streams-manager after task progress was closed[0m
[0m[[0m[0mdebug[0m] [0m[0mcalled beforeWork for root / dependencyResolution after task progress was closed[0m
[0m[[0m[0mdebug[0m] [0m[0mcalled beforeWork for root / update after task progress was closed[0m
[0m[[0m[0mdebug[0m] [0m[0mcalled afterReady for root / projectDependencies after task progress was closed[0m
[0m[[0m[0mdebug[0m] [0m[0mcalled afterReady for streams-manager after task progress was closed[0m
[0m[[0m[0mdebug[0m] [0m[0mcalled beforeWork for root / projectDependencies after task progress was closed[0m
[0m[[0m[0mdebug[0m] [0m[0mcalled afterReady for streams-manager after task progress was closed[0m
[0m[[0m[0mdebug[0m] [0m[0mcalled afterReady for streams-manager after task progress was closed[0m
[0m[[0m[0mdebug[0m] [0m[0mcalled beforeWork for streams-manager after task progress was closed[0m
[0m[[0m[0mdebug[0m] [0m[0mcalled afterReady for root / externalResolvers after task progress was closed[0m
[0m[[0m[0mdebug[0m] [0m[0mcalled beforeWork for streams-manager after task progress was closed[0m
[0m[[0m[0mdebug[0m] [0m[0mcalled beforeWork for streams-manager after task progress was closed[0m
[0m[[0m[0mdebug[0m] [0m[0mcalled beforeWork for root / externalResolvers after task progress was closed[0m
[0m[[0m[0mdebug[0m] [0m[0mcalled afterReady for streams-manager after task progress was closed[0m
[0m[[0m[0mdebug[0m] [0m[0mcalled afterReady for root / otherResolvers after task progress was closed[0m
[0m[[0m[0mdebug[0m] [0m[0mcalled beforeWork for streams-manager after task progress was closed[0m
[0m[[0m[0mdebug[0m] [0m[0mcalled afterReady for streams-manager after task progress was closed[0m
[0m[[0m[0mdebug[0m] [0m[0mcalled beforeWork for root / otherResolvers after task progress was closed[0m
[0m[[0m[0mdebug[0m] [0m[0mcalled afterReady for root / transitiveUpdate after task progress was closed[0m
[0m[[0m[0mdebug[0m] [0m[0mcalled beforeWork for streams-manager after task progress was closed[0m
[0m[[0m[0mdebug[0m] [0m[0mcalled afterReady for root / Compile / scalacOptions after task progress was closed[0m
[0m[[0m[0mdebug[0m] [0m[0mcalled beforeWork for root / transitiveUpdate after task progress was closed[0m
[0m[[0m[0mdebug[0m] [0m[0mcalled afterReady for streams-manager after task progress was closed[0m
[0m[[0m[0mdebug[0m] [0m[0mcalled beforeWork for root / Compile / scalacOptions after task progress was closed[0m
[0m[[0m[0mdebug[0m] [0m[0mcalled afterReady for streams-manager after task progress was closed[0m
[0m[[0m[0mdebug[0m] [0m[0mcalled beforeWork for streams-manager after task progress was closed[0m
[0m[[0m[0mdebug[0m] [0m[0mcalled afterReady for streams-manager after task progress was closed[0m
[0m[[0m[0mdebug[0m] [0m[0mcalled afterReady for streams-manager after task progress was closed[0m
[0m[[0m[0mdebug[0m] [0m[0mcalled beforeWork for streams-manager after task progress was closed[0m
[0m[[0m[0mdebug[0m] [0m[0mcalled beforeWork for streams-manager after task progress was closed[0m
[0m[[0m[0mdebug[0m] [0m[0mcalled afterReady for streams-manager after task progress was closed[0m
[0m[[0m[0mdebug[0m] [0m[0mcalled afterReady for streams-manager after task progress was closed[0m
[0m[[0m[0mdebug[0m] [0m[0mcalled beforeWork for streams-manager after task progress was closed[0m
[0m[[0m[0mdebug[0m] [0m[0mcalled afterReady for streams-manager after task progress was closed[0m
[0m[[0m[0mdebug[0m] [0m[0mcalled afterReady for root / scalaCompilerBridgeScope / dependencyResolution after task progress was closed[0m
[0m[[0m[0mdebug[0m] [0m[0mcalled beforeWork for streams-manager after task progress was closed[0m
[0m[[0m[0mdebug[0m] [0m[0mcalled afterReady for root / Compile / unmanagedSources / allInputPathsAndAttributes after task progress was closed[0m
[0m[[0m[0mdebug[0m] [0m[0mcalled beforeWork for streams-manager after task progress was closed[0m
[0m[[0m[0mdebug[0m] [0m[0mcalled beforeWork for root / scalaCompilerBridgeScope / dependencyResolution after task progress was closed[0m
[0m[[0m[0mdebug[0m] [0m[0mcalled beforeWork for streams-manager after task progress was closed[0m
[0m[[0m[0mdebug[0m] [0m[0mcalled beforeWork for root / Compile / unmanagedSources / allInputPathsAndAttributes after task progress was closed[0m
[0m[[0m[0mdebug[0m] [0m[0mcalled afterReady for root / Compile / playRoutes / sources after task progress was closed[0m
[0m[[0m[0mdebug[0m] [0m[0mcalled beforeWork for root / Compile / playRoutes / sources after task progress was closed[0m
[0m[[0m[0mdebug[0m] [0m[0mcalled afterReady for root / bootResolvers after task progress was closed[0m
[0m[[0m[0mdebug[0m] [0m[0mcalled afterReady for streams-manager after task progress was closed[0m
[0m[[0m[0mdebug[0m] [0m[0mcalled afterReady for streams-manager after task progress was closed[0m
[0m[[0m[0mdebug[0m] [0m[0mcalled afterReady for streams-manager after task progress was closed[0m
[0m[[0m[0mdebug[0m] [0m[0mcalled afterReady for root / update after task progress was closed[0m
[0m[[0m[0mdebug[0m] [0m[0mcalled beforeWork for root / bootResolvers after task progress was closed[0m
[0m[[0m[0mdebug[0m] [0m[0mcalled beforeWork for streams-manager after task progress was closed[0m
[0m[[0m[0mdebug[0m] [0m[0mcalled beforeWork for streams-manager after task progress was closed[0m
[0m[[0m[0mdebug[0m] [0m[0mcalled beforeWork for streams-manager after task progress was closed[0m
[0m[[0m[0mdebug[0m] [0m[0mcalled afterReady for streams-manager after task progress was closed[0m
[0m[[0m[0mdebug[0m] [0m[0mcalled afterReady for root / dependencyResolution after task progress was closed[0m
[0m[[0m[0mdebug[0m] [0m[0mcalled beforeWork for streams-manager after task progress was closed[0m
[0m[[0m[0mdebug[0m] [0m[0mcalled afterReady for root / allDependencies after task progress was closed[0m
[0m[[0m[0mdebug[0m] [0m[0mcalled beforeWork for root / dependencyResolution after task progress was closed[0m
[0m[[0m[0mdebug[0m] [0m[0mcalled beforeWork for root / update after task progress was closed[0m
[0m[[0m[0mdebug[0m] [0m[0mcalled afterReady for streams-manager after task progress was closed[0m
[0m[[0m[0mdebug[0m] [0m[0mcalled beforeWork for root / allDependencies after task progress was closed[0m
[0m[[0m[0mdebug[0m] [0m[0mcalled afterReady for streams-manager after task progress was closed[0m
[0m[[0m[0mdebug[0m] [0m[0mcalled beforeWork for streams-manager after task progress was closed[0m
[0m[[0m[0mdebug[0m] [0m[0mcalled afterReady for streams-manager after task progress was closed[0m
[0m[[0m[0mdebug[0m] [0m[0mcalled beforeWork for streams-manager after task progress was closed[0m
[0m[[0m[0mdebug[0m] [0m[0mcalled beforeWork for streams-manager after task progress was closed[0m
[0m[[0m[0mdebug[0m] [0m[0mcalled afterReady for root / update after task progress was closed[0m
[0m[[0m[0mdebug[0m] [0m[0mcalled beforeWork for root / update after task progress was closed[0m
[0m[[0m[0mdebug[0m] [0m[0mcalled afterReady for streams-manager after task progress was closed[0m
[0m[[0m[0mdebug[0m] [0m[0mcalled beforeWork for streams-manager after task progress was closed[0m
[0m[[0m[0mdebug[0m] [0m[0mcalled afterReady for streams-manager after task progress was closed[0m
[0m[[0m[0mdebug[0m] [0m[0mcalled afterReady for root / Compile / scalacOptions after task progress was closed[0m
[0m[[0m[0mdebug[0m] [0m[0mcalled afterReady for streams-manager after task progress was closed[0m
[0m[[0m[0mdebug[0m] [0m[0mcalled afterReady for streams-manager after task progress was closed[0m
[0m[[0m[0mdebug[0m] [0m[0mcalled afterReady for streams-manager after task progress was closed[0m
[0m[[0m[0mdebug[0m] [0m[0mcalled afterReady for streams-manager after task progress was closed[0m
[0m[[0m[0mdebug[0m] [0m[0mcalled beforeWork for streams-manager after task progress was closed[0m
[0m[[0m[0mdebug[0m] [0m[0mcalled beforeWork for root / Compile / scalacOptions after task progress was closed[0m
[0m[[0m[0mdebug[0m] [0m[0mcalled beforeWork for streams-manager after task progress was closed[0m
[0m[[0m[0mdebug[0m] [0m[0mcalled beforeWork for streams-manager after task progress was closed[0m
[0m[[0m[0mdebug[0m] [0m[0mcalled afterReady for streams-manager after task progress was closed[0m
[0m[[0m[0mdebug[0m] [0m[0mcalled afterReady for streams-manager after task progress was closed[0m
[0m[[0m[0mdebug[0m] [0m[0mcalled beforeWork for streams-manager after task progress was closed[0m
[0m[[0m[0mdebug[0m] [0m[0mcalled beforeWork for streams-manager after task progress was closed[0m
[0m[[0m[0mdebug[0m] [0m[0mcalled afterReady for root / transitiveUpdate after task progress was closed[0m
[0m[[0m[0mdebug[0m] [0m[0mcalled afterReady for root / scalaCompilerBridgeScope / dependencyResolution after task progress was closed[0m
[0m[[0m[0mdebug[0m] [0m[0mcalled beforeWork for streams-manager after task progress was closed[0m
[0m[[0m[0mdebug[0m] [0m[0mcalled beforeWork for streams-manager after task progress was closed[0m
[0m[[0m[0mdebug[0m] [0m[0mcalled beforeWork for root / transitiveUpdate after task progress was closed[0m
[0m[[0m[0mdebug[0m] [0m[0mcalled beforeWork for root / scalaCompilerBridgeScope / dependencyResolution after task progress was closed[0m
[0m[[0m[0mdebug[0m] [0m[0mcalled afterReady for root / Compile / twirlCompileTemplates after task progress was closed[0m
[0m[[0m[0mdebug[0m] [0m[0mcalled beforeWork for root / Compile / twirlCompileTemplates after task progress was closed[0m
[0m[[0m[0mdebug[0m] [0m[0mcalled afterReady for root / dependencyPositions after task progress was closed[0m
[0m[[0m[0mdebug[0m] [0m[0mcalled beforeWork for root / dependencyPositions after task progress was closed[0m
[0m[[0m[0mdebug[0m] [0m[0mcalled afterReady for root / dependencyResolution after task progress was closed[0m
[0m[[0m[0mdebug[0m] [0m[0mcalled beforeWork for root / dependencyResolution after task progress was closed[0m
[0m[[0m[0mdebug[0m] [0m[0mcalled afterReady for root / update after task progress was closed[0m
[0m[[0m[0mdebug[0m] [0m[0mcalled beforeWork for root / update after task progress was closed[0m
[0m[[0m[0mdebug[0m] [0m[0mcalled afterReady for root / allDependencies after task progress was closed[0m
[0m[[0m[0mdebug[0m] [0m[0mcalled beforeWork for root / allDependencies after task progress was closed[0m
[0m[[0m[0mdebug[0m] [0m[0mcalled afterReady for root / Compile / playRoutesTasks after task progress was closed[0m
[0m[[0m[0mdebug[0m] [0m[0mcalled afterReady for root / projectDescriptors after task progress was closed[0m
[0m[[0m[0mdebug[0m] [0m[0mcalled beforeWork for root / Compile / playRoutesTasks after task progress was closed[0m
[0m[[0m[0mdebug[0m] [0m[0mcalled beforeWork for root / projectDescriptors after task progress was closed[0m
[0m[[0m[0mdebug[0m] [0m[0mcalled afterReady for root / Compile / unmanagedClasspath after task progress was closed[0m
[0m[[0m[0mdebug[0m] [0m[0mcalled afterReady for root / Compile / scalacOptions after task progress was closed[0m
[0m[[0m[0mdebug[0m] [0m[0mcalled afterReady for root / scalaCompilerBridgeScope / dependencyResolution after task progress was closed[0m
[0m[[0m[0mdebug[0m] [0m[0mcalled beforeWork for root / Compile / unmanagedClasspath after task progress was closed[0m
[0m[[0m[0mdebug[0m] [0m[0mcalled beforeWork for root / Compile / scalacOptions after task progress was closed[0m
[0m[[0m[0mdebug[0m] [0m[0mcalled afterReady for root / Compile / scalacOptions after task progress was closed[0m
[0m[[0m[0mdebug[0m] [0m[0mcalled beforeWork for root / scalaCompilerBridgeScope / dependencyResolution after task progress was closed[0m
[0m[[0m[0mdebug[0m] [0m[0mcalled afterReady for root / dependencyResolution after task progress was closed[0m
[0m[[0m[0mdebug[0m] [0m[0mcalled beforeWork for root / Compile / scalacOptions after task progress was closed[0m
[0m[[0m[0mdebug[0m] [0m[0mcalled afterReady for root / moduleSettings after task progress was closed[0m
[0m[[0m[0mdebug[0m] [0m[0mcalled beforeWork for root / dependencyResolution after task progress was closed[0m
[0m[[0m[0mdebug[0m] [0m[0mcalled afterReady for root / Compile / unmanagedClasspath after task progress was closed[0m
[0m[[0m[0mdebug[0m] [0m[0mcalled beforeWork for root / moduleSettings after task progress was closed[0m
[0m[[0m[0mdebug[0m] [0m[0mcalled afterReady for root / projectDescriptors after task progress was closed[0m
[0m[[0m[0mdebug[0m] [0m[0mcalled afterReady for root / Compile / scalacOptions after task progress was closed[0m
[0m[[0m[0mdebug[0m] [0m[0mcalled beforeWork for root / Compile / unmanagedClasspath after task progress was closed[0m
[0m[[0m[0mdebug[0m] [0m[0mcalled afterReady for root / Compile / playRoutesTasks after task progress was closed[0m
[0m[[0m[0mdebug[0m] [0m[0mcalled beforeWork for root / projectDescriptors after task progress was closed[0m
[0m[[0m[0mdebug[0m] [0m[0mcalled beforeWork for root / Compile / scalacOptions after task progress was closed[0m
[0m[[0m[0mdebug[0m] [0m[0mcalled beforeWork for root / Compile / playRoutesTasks after task progress was closed[0m
[0m[[0m[0mdebug[0m] [0m[0mcalled afterReady for root / Compile / scalacOptions after task progress was closed[0m
[0m[[0m[0mdebug[0m] [0m[0mcalled afterReady for root / dependencyResolution after task progress was closed[0m
[0m[[0m[0mdebug[0m] [0m[0mcalled beforeWork for root / Compile / scalacOptions after task progress was closed[0m
[0m[[0m[0mdebug[0m] [0m[0mcalled afterReady for root / scalaCompilerBridgeScope / dependencyResolution after task progress was closed[0m
[0m[[0m[0mdebug[0m] [0m[0mcalled beforeWork for root / dependencyResolution after task progress was closed[0m
[0m[[0m[0mdebug[0m] [0m[0mcalled afterReady for root / Compile / scalacOptions after task progress was closed[0m
[0m[[0m[0mdebug[0m] [0m[0mcalled afterReady for root / Compile / playRoutesTasks after task progress was closed[0m
[0m[[0m[0mdebug[0m] [0m[0mcalled beforeWork for root / scalaCompilerBridgeScope / dependencyResolution after task progress was closed[0m
[0m[[0m[0mdebug[0m] [0m[0mcalled beforeWork for root / Compile / scalacOptions after task progress was closed[0m
[0m[[0m[0mdebug[0m] [0m[0mcalled afterReady for root / projectDescriptors after task progress was closed[0m
[0m[[0m[0mdebug[0m] [0m[0mcalled beforeWork for root / Compile / playRoutesTasks after task progress was closed[0m
[0m[[0m[0mdebug[0m] [0m[0mcalled beforeWork for root / projectDescriptors after task progress was closed[0m
[0m[[0m[0mdebug[0m] [0m[0mcalled afterReady for streams-manager after task progress was closed[0m
[0m[[0m[0mdebug[0m] [0m[0mcalled afterReady for streams-manager after task progress was closed[0m
[0m[[0m[0mdebug[0m] [0m[0mcalled afterReady for Global / csrExtraCredentials after task progress was closed[0m
[0m[[0m[0mdebug[0m] [0m[0mcalled beforeWork for streams-manager after task progress was closed[0m
[0m[[0m[0mdebug[0m] [0m[0mcalled beforeWork for streams-manager after task progress was closed[0m
[0m[[0m[0mdebug[0m] [0m[0mcalled beforeWork for Global / csrExtraCredentials after task progress was closed[0m
[0m[[0m[0mdebug[0m] [0m[0mcalled afterReady for root / csrFallbackDependencies after task progress was closed[0m
[0m[[0m[0mdebug[0m] [0m[0mcalled beforeWork for root / csrFallbackDependencies after task progress was closed[0m
[0m[[0m[0mdebug[0m] [0m[0mcalled afterReady for root / scalaCompilerBridgeResolvers after task progress was closed[0m
[0m[[0m[0mdebug[0m] [0m[0mcalled afterReady for streams-manager after task progress was closed[0m
[0m[[0m[0mdebug[0m] [0m[0mcalled beforeWork for streams-manager after task progress was closed[0m
[0m[[0m[0mdebug[0m] [0m[0mcalled afterReady for root / moduleSettings after task progress was closed[0m
[0m[[0m[0mdebug[0m] [0m[0mcalled beforeWork for root / moduleSettings after task progress was closed[0m
[0m[[0m[0mdebug[0m] [0m[0mcalled afterReady for root / Compile / playRoutesTasks after task progress was closed[0m
[0m[[0m[0mdebug[0m] [0m[0mcalled afterReady for root / projectDescriptors after task progress was closed[0m
[0m[[0m[0mdebug[0m] [0m[0mcalled beforeWork for root / projectDescriptors after task progress was closed[0m
[0m[[0m[0mdebug[0m] [0m[0mcalled beforeWork for root / Compile / playRoutesTasks after task progress was closed[0m
[0m[[0m[0mdebug[0m] [0m[0mcalled afterReady for root / Compile / scalacOptions after task progress was closed[0m
[0m[[0m[0mdebug[0m] [0m[0mcalled beforeWork for root / Compile / scalacOptions after task progress was closed[0m
[0m[[0m[0mdebug[0m] [0m[0mcalled afterReady for root / Compile / scalacOptions after task progress was closed[0m
[0m[[0m[0mdebug[0m] [0m[0mcalled beforeWork for root / Compile / scalacOptions after task progress was closed[0m
[0m[[0m[0mdebug[0m] [0m[0mcalled beforeWork for root / scalaCompilerBridgeResolvers after task progress was closed[0m
[0m[[0m[0mdebug[0m] [0m[0mcalled afterReady for streams-manager after task progress was closed[0m
[0m[[0m[0mdebug[0m] [0m[0mcalled afterReady for root / csrRecursiveResolvers after task progress was closed[0m
[0m[[0m[0mdebug[0m] [0m[0mcalled afterReady for root / csrInterProjectDependencies after task progress was closed[0m
[0m[[0m[0mdebug[0m] [0m[0mcalled beforeWork for streams-manager after task progress was closed[0m
[0m[[0m[0mdebug[0m] [0m[0mcalled beforeWork for root / csrRecursiveResolvers after task progress was closed[0m
[0m[[0m[0mdebug[0m] [0m[0mcalled beforeWork for root / csrInterProjectDependencies after task progress was closed[0m
[0m[[0m[0mdebug[0m] [0m[0mcalled afterReady for streams-manager after task progress was closed[0m
[0m[[0m[0mdebug[0m] [0m[0mcalled beforeWork for streams-manager after task progress was closed[0m
[0m[[0m[0mdebug[0m] [0m[0mcalled afterReady for root / Compile / unmanagedJars after task progress was closed[0m
[0m[[0m[0mdebug[0m] [0m[0mcalled beforeWork for root / Compile / unmanagedJars after task progress was closed[0m
[0m[[0m[0mdebug[0m] [0m[0mcalled afterReady for streams-manager after task progress was closed[0m
[0m[[0m[0mdebug[0m] [0m[0mcalled afterReady for root / Compile / unmanagedJars after task progress was closed[0m
[0m[[0m[0mdebug[0m] [0m[0mcalled beforeWork for streams-manager after task progress was closed[0m
[0m[[0m[0mdebug[0m] [0m[0mcalled beforeWork for root / Compile / unmanagedJars after task progress was closed[0m
[0m[[0m[0mdebug[0m] [0m[0mcalled afterReady for streams-manager after task progress was closed[0m
[0m[[0m[0mdebug[0m] [0m[0mcalled afterReady for streams-manager after task progress was closed[0m
[0m[[0m[0mdebug[0m] [0m[0mcalled afterReady for root / Compile / twirlCompileTemplates after task progress was closed[0m
[0m[[0m[0mdebug[0m] [0m[0mcalled afterReady for root / Compile / playRoutesTasks after task progress was closed[0m
[0m[[0m[0mdebug[0m] [0m[0mcalled afterReady for root / projectDescriptors after task progress was closed[0m
[0m[[0m[0mdebug[0m] [0m[0mcalled afterReady for root / Compile / scalacOptions after task progress was closed[0m
[0m[[0m[0mdebug[0m] [0m[0mcalled beforeWork for streams-manager after task progress was closed[0m
[0m[[0m[0mdebug[0m] [0m[0mcalled beforeWork for streams-manager after task progress was closed[0m
[0m[[0m[0mdebug[0m] [0m[0mcalled afterReady for root / Compile / scalacOptions after task progress was closed[0m
[0m[[0m[0mdebug[0m] [0m[0mcalled afterReady for streams-manager after task progress was closed[0m
[0m[[0m[0mdebug[0m] [0m[0mcalled beforeWork for root / Compile / playRoutesTasks after task progress was closed[0m
[0m[[0m[0mdebug[0m] [0m[0mcalled afterReady for streams-manager after task progress was closed[0m
[0m[[0m[0mdebug[0m] [0m[0mcalled afterReady for streams-manager after task progress was closed[0m
[0m[[0m[0mdebug[0m] [0m[0mcalled beforeWork for root / Compile / twirlCompileTemplates after task progress was closed[0m
[0m[[0m[0mdebug[0m] [0m[0mcalled beforeWork for root / Compile / scalacOptions after task progress was closed[0m
[0m[[0m[0mdebug[0m] [0m[0mcalled afterReady for root / csrFallbackDependencies after task progress was closed[0m
[0m[[0m[0mdebug[0m] [0m[0mcalled beforeWork for root / Compile / scalacOptions after task progress was closed[0m
[0m[[0m[0mdebug[0m] [0m[0mcalled beforeWork for streams-manager after task progress was closed[0m
[0m[[0m[0mdebug[0m] [0m[0mcalled beforeWork for streams-manager after task progress was closed[0m
[0m[[0m[0mdebug[0m] [0m[0mcalled beforeWork for streams-manager after task progress was closed[0m
[0m[[0m[0mdebug[0m] [0m[0mcalled beforeWork for root / csrFallbackDependencies after task progress was closed[0m
[0m[[0m[0mdebug[0m] [0m[0mcalled afterReady for root / csrRecursiveResolvers after task progress was closed[0m
[0m[[0m[0mdebug[0m] [0m[0mcalled afterReady for streams-manager after task progress was closed[0m
[0m[[0m[0mdebug[0m] [0m[0mcalled beforeWork for root / csrRecursiveResolvers after task progress was closed[0m
[0m[[0m[0mdebug[0m] [0m[0mcalled afterReady for streams-manager after task progress was closed[0m
[0m[[0m[0mdebug[0m] [0m[0mcalled beforeWork for root / projectDescriptors after task progress was closed[0m
[0m[[0m[0mdebug[0m] [0m[0mcalled beforeWork for streams-manager after task progress was closed[0m
[0m[[0m[0mdebug[0m] [0m[0mcalled beforeWork for streams-manager after task progress was closed[0m
[0m[[0m[0mdebug[0m] [0m[0mcalled afterReady for root / Compile / playRoutesTasks after task progress was closed[0m
[0m[[0m[0mdebug[0m] [0m[0mcalled beforeWork for root / Compile / playRoutesTasks after task progress was closed[0m
[0m[[0m[0mdebug[0m] [0m[0mcalled afterReady for root / Compile / scalacOptions after task progress was closed[0m
[0m[[0m[0mdebug[0m] [0m[0mcalled beforeWork for root / Compile / scalacOptions after task progress was closed[0m
[0m[[0m[0mdebug[0m] [0m[0mcalled afterReady for root / Compile / unmanagedJars after task progress was closed[0m
[0m[[0m[0mdebug[0m] [0m[0mcalled beforeWork for root / Compile / unmanagedJars after task progress was closed[0m
[0m[[0m[0mdebug[0m] [0m[0mcalled afterReady for streams-manager after task progress was closed[0m
[0m[[0m[0mdebug[0m] [0m[0mcalled afterReady for root / scalaCompilerBridgeScope / csrConfiguration after task progress was closed[0m
[0m[[0m[0mdebug[0m] [0m[0mcalled beforeWork for streams-manager after task progress was closed[0m
[0m[[0m[0mdebug[0m] [0m[0mcalled afterReady for streams-manager after task progress was closed[0m
[0m[[0m[0mdebug[0m] [0m[0mcalled beforeWork for root / scalaCompilerBridgeScope / csrConfiguration after task progress was closed[0m
[0m[[0m[0mdebug[0m] [0m[0mcalled beforeWork for streams-manager after task progress was closed[0m
[0m[[0m[0mdebug[0m] [0m[0mcalled afterReady for root / projectResolver after task progress was closed[0m
[0m[[0m[0mdebug[0m] [0m[0mcalled afterReady for Global / csrLogger after task progress was closed[0m
[0m[[0m[0mdebug[0m] [0m[0mcalled beforeWork for root / projectResolver after task progress was closed[0m
[0m[[0m[0mdebug[0m] [0m[0mcalled afterReady for root / allCredentials after task progress was closed[0m
[0m[[0m[0mdebug[0m] [0m[0mcalled beforeWork for Global / csrLogger after task progress was closed[0m
[0m[[0m[0mdebug[0m] [0m[0mcalled afterReady for root / Compile / playRoutes after task progress was closed[0m
[0m[[0m[0mdebug[0m] [0m[0mcalled beforeWork for root / allCredentials after task progress was closed[0m
[0m[[0m[0mdebug[0m] [0m[0mcalled afterReady for root / Compile / scalacOptions after task progress was closed[0m
[0m[[0m[0mdebug[0m] [0m[0mcalled beforeWork for root / Compile / playRoutes after task progress was closed[0m
[0m[[0m[0mdebug[0m] [0m[0mcalled beforeWork for root / Compile / scalacOptions after task progress was closed[0m
[0m[[0m[0mdebug[0m] [0m[0mcalled afterReady for root / Compile / unmanagedJars after task progress was closed[0m
[0m[[0m[0mdebug[0m] [0m[0mcalled beforeWork for root / Compile / unmanagedJars after task progress was closed[0m
[0m[[0m[0mdebug[0m] [0m[0mcalled afterReady for root / csrInterProjectDependencies after task progress was closed[0m
[0m[[0m[0mdebug[0m] [0m[0mcalled beforeWork for root / csrInterProjectDependencies after task progress was closed[0m
[0m[[0m[0minfo[0m] [0m[0msbt server started at local:///Users/mark/.sbt/1.0/server/eab3d58891dba8baa7ce/sock[0m
[0m[[0m[0mdebug[0m] [0m[0mcalled afterReady for root / scalaCompilerBridgeScope / externalResolvers after task progress was closed[0m
[0m[[0m[0mdebug[0m] [0m[0mcalled beforeWork for root / scalaCompilerBridgeScope / externalResolvers after task progress was closed[0m
[0m[[0m[0mdebug[0m] [0m[0mcalled afterReady for root / Compile / unmanagedSources / inputFileStamps after task progress was closed[0m
[0m[[0m[0mdebug[0m] [0m[0mcalled beforeWork for root / Compile / unmanagedSources / inputFileStamps after task progress was closed[0m
[0m[[0m[0mdebug[0m] [0m[0mcalled afterReady for root / csrRecursiveResolvers after task progress was closed[0m
[0m[[0m[0mdebug[0m] [0m[0mcalled beforeWork for root / csrRecursiveResolvers after task progress was closed[0m
[0m[[0m[0mdebug[0m] [0m[0mcalled afterReady for root / csrResolvers after task progress was closed[0m
[0m[[0m[0mdebug[0m] [0m[0mcalled afterReady for root / csrFallbackDependencies after task progress was closed[0m
[0m[[0m[0mdebug[0m] [0m[0mcalled beforeWork for root / csrResolvers after task progress was closed[0m
[0m[[0m[0mdebug[0m] [0m[0mcalled afterReady for root / csrConfiguration after task progress was closed[0m
[0m[[0m[0mdebug[0m] [0m[0mcalled beforeWork for root / csrFallbackDependencies after task progress was closed[0m
[0m[[0m[0mdebug[0m] [0m[0mcalled beforeWork for root / csrConfiguration after task progress was closed[0m
[0m[[0m[0mdebug[0m] [0m[0mcalled afterReady for root / Compile / unmanagedJars after task progress was closed[0m
[0m[[0m[0mdebug[0m] [0m[0mcalled afterReady for root / projectResolver after task progress was closed[0m
[0m[[0m[0mdebug[0m] [0m[0mcalled beforeWork for root / Compile / unmanagedJars after task progress was closed[0m
[0m[[0m[0minfo[0m] [0m[0mstarted sbt server[0m
[0m[[0m[0mdebug[0m] [0m[0mcalled beforeWork for root / projectResolver after task progress was closed[0m
[0m[[0m[0mdebug[0m] [0m[0mcalled afterReady for root / dependencyPositions after task progress was closed[0m
[0m[[0m[0mdebug[0m] [0m[0mcalled afterReady for Global / csrLogger after task progress was closed[0m
[0m[[0m[0mdebug[0m] [0m[0mcalled beforeWork for root / dependencyPositions after task progress was closed[0m
[0m[[0m[0mdebug[0m] [0m[0mcalled afterReady for root / Compile / scalacOptions after task progress was closed[0m
[0m[[0m[0mdebug[0m] [0m[0mcalled beforeWork for Global / csrLogger after task progress was closed[0m
[0m[[0m[0mdebug[0m] [0m[0mcalled afterReady for root / allCredentials after task progress was closed[0m
[0m[[0m[0mdebug[0m] [0m[0mcalled beforeWork for root / allCredentials after task progress was closed[0m
[0m[[0m[0mdebug[0m] [0m[0mcalled afterReady for root / Compile / unmanagedJars after task progress was closed[0m
[0m[[0m[0mdebug[0m] [0m[0mcalled beforeWork for root / Compile / scalacOptions after task progress was closed[0m
[0m[[0m[0mdebug[0m] [0m[0mcalled beforeWork for root / Compile / unmanagedJars after task progress was closed[0m
[0m[[0m[0mdebug[0m] [0m[0mcalled afterReady for streams-manager after task progress was closed[0m
[0m[[0m[0mdebug[0m] [0m[0mcalled beforeWork for streams-manager after task progress was closed[0m
[0m[[0m[0mdebug[0m] [0m[0mcalled afterReady for root / scalaCompilerBridgeScope / csrResolvers after task progress was closed[0m
[0m[[0m[0mdebug[0m] [0m[0mcalled beforeWork for root / scalaCompilerBridgeScope / csrResolvers after task progress was closed[0m
[0m[[0m[0mdebug[0m] [0m[0mcalled afterReady for root / Compile / playRoutes after task progress was closed[0m
[0m[[0m[0mdebug[0m] [0m[0mcalled afterReady for root / csrFallbackDependencies after task progress was closed[0m
[0m[[0m[0mdebug[0m] [0m[0mcalled beforeWork for root / Compile / playRoutes after task progress was closed[0m
[0m[[0m[0mdebug[0m] [0m[0mcalled afterReady for root / Compile / unmanagedSources after task progress was closed[0m
[0m[[0m[0mdebug[0m] [0m[0mcalled beforeWork for root / csrFallbackDependencies after task progress was closed[0m
[0m[[0m[0mdebug[0m] [0m[0mcalled beforeWork for root / Compile / unmanagedSources after task progress was closed[0m
[0m[[0m[0mdebug[0m] [0m[0mcalled afterReady for root / csrResolvers after task progress was closed[0m
[0m[[0m[0mdebug[0m] [0m[0mcalled afterReady for root / projectResolver after task progress was closed[0m
[0m[[0m[0mdebug[0m] [0m[0mcalled beforeWork for root / csrResolvers after task progress was closed[0m
[0m[[0m[0mdebug[0m] [0m[0mcalled afterReady for root / update / unresolvedWarningConfiguration after task progress was closed[0m
[0m[[0m[0mdebug[0m] [0m[0mcalled beforeWork for root / projectResolver after task progress was closed[0m
[0m[[0m[0mdebug[0m] [0m[0mcalled beforeWork for root / update / unresolvedWarningConfiguration after task progress was closed[0m
[0m[[0m[0mdebug[0m] [0m[0mcalled afterReady for root / scalaCompilerBridgeScope / csrConfiguration after task progress was closed[0m
[0m[[0m[0mdebug[0m] [0m[0mcalled afterReady for root / csrConfiguration after task progress was closed[0m
[0m[[0m[0mdebug[0m] [0m[0mcalled beforeWork for root / scalaCompilerBridgeScope / csrConfiguration after task progress was closed[0m
[0m[[0m[0mdebug[0m] [0m[0mcalled afterReady for root / Compile / scalacOptions after task progress was closed[0m
[0m[[0m[0mdebug[0m] [0m[0mcalled beforeWork for root / csrConfiguration after task progress was closed[0m
[0m[[0m[0mdebug[0m] [0m[0mcalled afterReady for root / Compile / unmanagedJars after task progress was closed[0m
[0m[[0m[0mdebug[0m] [0m[0mcalled beforeWork for root / Compile / scalacOptions after task progress was closed[0m
[0m[[0m[0mdebug[0m] [0m[0mcalled afterReady for streams-manager after task progress was closed[0m
[0m[[0m[0mdebug[0m] [0m[0mcalled beforeWork for root / Compile / unmanagedJars after task progress was closed[0m
[0m[[0m[0mdebug[0m] [0m[0mcalled afterReady for root / Compile / managedSources after task progress was closed[0m
[0m[[0m[0mdebug[0m] [0m[0mcalled beforeWork for streams-manager after task progress was closed[0m
[0m[[0m[0mdebug[0m] [0m[0mcalled beforeWork for root / Compile / managedSources after task progress was closed[0m
[0m[[0m[0mdebug[0m] [0m[0mcalled afterReady for root / csrRecursiveResolvers after task progress was closed[0m
[0m[[0m[0mdebug[0m] [0m[0mcalled afterReady for root / fullResolvers after task progress was closed[0m
[0m[[0m[0mdebug[0m] [0m[0mcalled beforeWork for root / csrRecursiveResolvers after task progress was closed[0m
[0m[[0m[0mdebug[0m] [0m[0mcalled beforeWork for root / fullResolvers after task progress was closed[0m
[0m[[0m[0mdebug[0m] [0m[0mcalled afterReady for root / csrFallbackDependencies after task progress was closed[0m
[0m[[0m[0mdebug[0m] [0m[0mcalled afterReady for root / scalaCompilerBridgeScope / csrResolvers after task progress was closed[0m
[0m[[0m[0mdebug[0m] [0m[0mcalled beforeWork for root / csrFallbackDependencies after task progress was closed[0m
[0m[[0m[0mdebug[0m] [0m[0mcalled afterReady for root / Compile / managedSources after task progress was closed[0m
[0m[[0m[0mdebug[0m] [0m[0mcalled beforeWork for root / scalaCompilerBridgeScope / csrResolvers after task progress was closed[0m
[0m[[0m[0mdebug[0m] [0m[0mcalled afterReady for streams-manager after task progress was closed[0m
[0m[[0m[0mdebug[0m] [0m[0mcalled beforeWork for root / Compile / managedSources after task progress was closed[0m
[0m[[0m[0mdebug[0m] [0m[0mcalled beforeWork for streams-manager after task progress was closed[0m
[0m[[0m[0mdebug[0m] [0m[0mcalled afterReady for root / Compile / unmanagedClasspath after task progress was closed[0m
[0m[[0m[0mdebug[0m] [0m[0mcalled afterReady for root / csrRecursiveResolvers after task progress was closed[0m
[0m[[0m[0mdebug[0m] [0m[0mcalled afterReady for root / scalaCompilerBridgeScope / csrConfiguration after task progress was closed[0m
[0m[[0m[0mdebug[0m] [0m[0mcalled beforeWork for root / csrRecursiveResolvers after task progress was closed[0m
[0m[[0m[0mdebug[0m] [0m[0mcalled beforeWork for root / Compile / unmanagedClasspath after task progress was closed[0m
[0m[[0m[0mdebug[0m] [0m[0mcalled beforeWork for root / scalaCompilerBridgeScope / csrConfiguration after task progress was closed[0m
[0m[[0m[0mdebug[0m] [0m[0mcalled afterReady for root / Compile / managedSources after task progress was closed[0m
[0m[[0m[0mdebug[0m] [0m[0mcalled afterReady for root / csrProject after task progress was closed[0m
[0m[[0m[0mdebug[0m] [0m[0mcalled afterReady for root / csrRecursiveResolvers after task progress was closed[0m
[0m[[0m[0mdebug[0m] [0m[0mcalled beforeWork for root / Compile / managedSources after task progress was closed[0m
[0m[[0m[0mdebug[0m] [0m[0mcalled afterReady for root / Compile / unmanagedClasspath after task progress was closed[0m
[0m[[0m[0mdebug[0m] [0m[0mcalled beforeWork for root / csrProject after task progress was closed[0m
[0m[[0m[0mdebug[0m] [0m[0mcalled beforeWork for root / csrRecursiveResolvers after task progress was closed[0m
[0m[[0m[0mdebug[0m] [0m[0mcalled beforeWork for root / Compile / unmanagedClasspath after task progress was closed[0m
